[0.072s] Invoking command in '/home/sayon/hoge_ws/src/pointcloud_divider/build/pointcloud_divider': /usr/bin/cmake /home/sayon/hoge_ws/src/pointcloud_divider -DCMAKE_BUILD_TYPE=Release -DCATKIN_INSTALL_INTO_PREFIX_ROOT=0 -DCATKIN_SYMLINK_INSTALL=ON -DCMAKE_INSTALL_PREFIX=/home/sayon/hoge_ws/src/pointcloud_divider/install/pointcloud_divider
[0.462s] -- The C compiler identification is GNU 11.3.0
[1.185s] -- The CXX compiler identification is GNU 11.3.0
[1.229s] -- Detecting C compiler ABI info
[1.345s] -- Detecting C compiler ABI info - done
[1.355s] -- Check for working C compiler: /usr/bin/cc - skipped
[1.355s] -- Detecting C compile features
[1.370s] -- Detecting C compile features - done
[1.374s] -- Detecting CXX compiler ABI info
[1.464s] -- Detecting CXX compiler ABI info - done
[1.471s] -- Check for working CXX compiler: /usr/bin/c++ - skipped
[1.472s] -- Detecting CXX compile features
[1.472s] -- Detecting CXX compile features - done
[1.500s] -- Found PkgConfig: /usr/bin/pkg-config (found version "0.29.2") 
[1.501s] -- Checking for module 'yaml-cpp'
[1.538s] --   Found yaml-cpp, version 0.7.0
[1.940s] -- Checking for module 'eigen3'
[1.958s] --   Found eigen3, version 3.4.0
[2.009s] -- Found Eigen: /usr/include/eigen3 (Required is at least version "3.1") 
[2.009s] -- Eigen found (include: /usr/include/eigen3, version: 3.4.0)
[2.090s] -- Found Boost: /usr/lib/x86_64-linux-gnu/cmake/Boost-1.74.0/BoostConfig.cmake (found suitable version "1.74.0", minimum required is "1.65.0") found components: system filesystem date_time iostreams serialization 
[2.173s] -- Checking for module 'flann'
[2.217s] --   Found flann, version 1.9.1
[2.279s] -- Found FLANN: /usr/lib/x86_64-linux-gnu/libflann_cpp.so  
[2.279s] -- FLANN found (include: /usr/include, lib: /usr/lib/x86_64-linux-gnu/libflann_cpp.so)
[2.453s] -- Looking for pthread.h
[2.551s] -- Looking for pthread.h - found
[2.551s] -- Performing Test CMAKE_HAVE_LIBC_PTHREAD
[2.628s] -- Performing Test CMAKE_HAVE_LIBC_PTHREAD - Success
[2.629s] -- Found Threads: TRUE  
[2.692s] -- Found GLEW: /usr/lib/x86_64-linux-gnu/libGLEW.so  
[2.866s] -- Found OpenGL: /usr/lib/x86_64-linux-gnu/libOpenGL.so  found components: OpenGL GLX 
[3.277s] -- Found MPI_C: /usr/lib/x86_64-linux-gnu/libmpi.so (found version "3.1") 
[3.277s] -- Found MPI: TRUE (found version "3.1") found components: C 
[3.298s] -- Found JsonCpp: /usr/lib/x86_64-linux-gnu/libjsoncpp.so (found suitable version "1.9.5", minimum required is "0.7.0") 
[3.321s] -- Found ZLIB: /usr/lib/x86_64-linux-gnu/libz.so (found version "1.2.11") 
[3.360s] -- Found PNG: /usr/lib/x86_64-linux-gnu/libpng.so (found version "1.6.37") 
[3.474s] -- Found Eigen3: /usr/include/eigen3 (found version "3.4.0") 
[3.865s] -- Found X11: /usr/include   
[3.882s] -- Looking for XOpenDisplay in /usr/lib/x86_64-linux-gnu/libX11.so;/usr/lib/x86_64-linux-gnu/libXext.so
[4.056s] -- Looking for XOpenDisplay in /usr/lib/x86_64-linux-gnu/libX11.so;/usr/lib/x86_64-linux-gnu/libXext.so - found
[4.057s] -- Looking for gethostbyname
[4.131s] -- Looking for gethostbyname - found
[4.131s] -- Looking for connect
[4.198s] -- Looking for connect - found
[4.198s] -- Looking for remove
[4.266s] -- Looking for remove - found
[4.266s] -- Looking for shmat
[4.329s] -- Looking for shmat - found
[4.329s] -- Looking for IceConnectionNumber in ICE
[4.393s] -- Looking for IceConnectionNumber in ICE - found
[4.463s] -- Found EXPAT: /usr/lib/x86_64-linux-gnu/libexpat.so (found version "2.4.7") 
[4.480s] -- Found double-conversion: /usr/lib/x86_64-linux-gnu/libdouble-conversion.so  
[4.482s] -- Found LZ4: /usr/lib/x86_64-linux-gnu/liblz4.so (found version "1.9.3") 
[4.496s] -- Found LZMA: /usr/lib/x86_64-linux-gnu/liblzma.so (found version "5.2.5") 
[4.981s] -- Found JPEG: /usr/lib/x86_64-linux-gnu/libjpeg.so (found version "80") 
[5.004s] -- Found TIFF: /usr/lib/x86_64-linux-gnu/libtiff.so (found version "4.3.0")  
[5.053s] -- Found Freetype: /usr/lib/x86_64-linux-gnu/libfreetype.so (found version "2.11.1") 
[5.085s] -- Found utf8cpp: /usr/include/utf8cpp  
[5.315s] -- Checking for module 'libusb-1.0'
[5.350s] --   Found libusb-1.0, version 1.0.25
[5.385s] -- Found libusb: /usr/lib/x86_64-linux-gnu/libusb-1.0.so  
[5.394s] -- Found OpenNI: /usr/lib/libOpenNI.so;libusb::libusb (found version "1.5.4.0") 
[5.395s] -- OpenNI found (version: 1.5.4.0, include: /usr/include/ni, lib: /usr/lib/libOpenNI.so;libusb::libusb)
[5.475s] -- Found OpenNI2: /usr/lib/x86_64-linux-gnu/libOpenNI2.so;libusb::libusb (found version "2.2.0.33") 
[5.475s] -- OpenNI2 found (version: 2.2.0.33, include: /usr/include/openni2, lib: /usr/lib/x86_64-linux-gnu/libOpenNI2.so;libusb::libusb)
[5.475s] [0m** WARNING ** io features related to pcap will be disabled[0m
[5.637s] -- Eigen found (include: /usr/include/eigen3, version: 3.4.0)
[5.643s] -- OpenNI found (version: 1.5.4.0, include: /usr/include/ni, lib: /usr/lib/libOpenNI.so;libusb::libusb)
[5.648s] -- OpenNI2 found (version: 2.2.0.33, include: /usr/include/openni2, lib: /usr/lib/x86_64-linux-gnu/libOpenNI2.so;libusb::libusb)
[5.804s] -- Found Qhull version 8.0.2
[5.949s] -- OpenNI found (version: 1.5.4.0, include: /usr/include/ni, lib: /usr/lib/libOpenNI.so;libusb::libusb)
[6.087s] -- looking for PCL_COMMON
[6.088s] -- Found PCL_COMMON: /usr/lib/x86_64-linux-gnu/libpcl_common.so  
[6.088s] -- looking for PCL_KDTREE
[6.111s] -- Found PCL_KDTREE: /usr/lib/x86_64-linux-gnu/libpcl_kdtree.so  
[6.112s] -- looking for PCL_OCTREE
[6.112s] -- Found PCL_OCTREE: /usr/lib/x86_64-linux-gnu/libpcl_octree.so  
[6.113s] -- looking for PCL_SEARCH
[6.113s] -- Found PCL_SEARCH: /usr/lib/x86_64-linux-gnu/libpcl_search.so  
[6.114s] -- looking for PCL_SAMPLE_CONSENSUS
[6.114s] -- Found PCL_SAMPLE_CONSENSUS: /usr/lib/x86_64-linux-gnu/libpcl_sample_consensus.so  
[6.115s] -- looking for PCL_FILTERS
[6.115s] -- Found PCL_FILTERS: /usr/lib/x86_64-linux-gnu/libpcl_filters.so  
[6.115s] -- looking for PCL_2D
[6.116s] -- Found PCL_2D: /usr/include/pcl-1.12  
[6.116s] -- looking for PCL_GEOMETRY
[6.116s] -- Found PCL_GEOMETRY: /usr/include/pcl-1.12  
[6.116s] -- looking for PCL_IO
[6.117s] -- Found PCL_IO: /usr/lib/x86_64-linux-gnu/libpcl_io.so  
[6.117s] -- looking for PCL_FEATURES
[6.118s] -- Found PCL_FEATURES: /usr/lib/x86_64-linux-gnu/libpcl_features.so  
[6.118s] -- looking for PCL_ML
[6.120s] -- Found PCL_ML: /usr/lib/x86_64-linux-gnu/libpcl_ml.so  
[6.120s] -- looking for PCL_SEGMENTATION
[6.120s] -- Found PCL_SEGMENTATION: /usr/lib/x86_64-linux-gnu/libpcl_segmentation.so  
[6.121s] -- looking for PCL_VISUALIZATION
[6.121s] -- Found PCL_VISUALIZATION: /usr/lib/x86_64-linux-gnu/libpcl_visualization.so  
[6.122s] -- looking for PCL_SURFACE
[6.123s] -- Found PCL_SURFACE: /usr/lib/x86_64-linux-gnu/libpcl_surface.so  
[6.123s] -- looking for PCL_REGISTRATION
[6.124s] -- Found PCL_REGISTRATION: /usr/lib/x86_64-linux-gnu/libpcl_registration.so  
[6.124s] -- looking for PCL_KEYPOINTS
[6.125s] -- Found PCL_KEYPOINTS: /usr/lib/x86_64-linux-gnu/libpcl_keypoints.so  
[6.125s] -- looking for PCL_TRACKING
[6.126s] -- Found PCL_TRACKING: /usr/lib/x86_64-linux-gnu/libpcl_tracking.so  
[6.126s] -- looking for PCL_RECOGNITION
[6.127s] -- Found PCL_RECOGNITION: /usr/lib/x86_64-linux-gnu/libpcl_recognition.so  
[6.127s] -- looking for PCL_STEREO
[6.128s] -- Found PCL_STEREO: /usr/lib/x86_64-linux-gnu/libpcl_stereo.so  
[6.128s] -- looking for PCL_APPS
[6.129s] -- Found PCL_APPS: /usr/lib/x86_64-linux-gnu/libpcl_apps.so  
[6.129s] -- looking for PCL_IN_HAND_SCANNER
[6.130s] -- Found PCL_IN_HAND_SCANNER: /usr/include/pcl-1.12  
[6.130s] -- looking for PCL_MODELER
[6.130s] -- Found PCL_MODELER: /usr/include/pcl-1.12  
[6.130s] -- looking for PCL_POINT_CLOUD_EDITOR
[6.131s] -- Found PCL_POINT_CLOUD_EDITOR: /usr/include/pcl-1.12  
[6.131s] -- looking for PCL_OUTOFCORE
[6.134s] -- Found PCL_OUTOFCORE: /usr/lib/x86_64-linux-gnu/libpcl_outofcore.so  
[6.135s] -- looking for PCL_PEOPLE
[6.136s] -- Found PCL_PEOPLE: /usr/lib/x86_64-linux-gnu/libpcl_people.so  
[6.137s] -- Found PCL: pcl_common;pcl_kdtree;pcl_octree;pcl_search;pcl_sample_consensus;pcl_filters;pcl_io;pcl_features;pcl_ml;pcl_segmentation;pcl_visualization;pcl_surface;pcl_registration;pcl_keypoints;pcl_tracking;pcl_recognition;pcl_stereo;pcl_apps;pcl_outofcore;pcl_people;Boost::system;Boost::filesystem;Boost::date_time;Boost::iostreams;Boost::serialization;/usr/lib/libOpenNI.so;libusb::libusb;/usr/lib/x86_64-linux-gnu/libOpenNI2.so;libusb::libusb;VTK::ChartsCore;VTK::CommonColor;VTK::CommonComputationalGeometry;VTK::CommonCore;VTK::CommonDataModel;VTK::CommonExecutionModel;VTK::CommonMath;VTK::CommonMisc;VTK::CommonTransforms;VTK::FiltersCore;VTK::FiltersExtraction;VTK::FiltersGeneral;VTK::FiltersGeometry;VTK::FiltersModeling;VTK::FiltersSources;VTK::ImagingCore;VTK::ImagingSources;VTK::InteractionImage;VTK::InteractionStyle;VTK::InteractionWidgets;VTK::IOCore;VTK::IOGeometry;VTK::IOImage;VTK::IOLegacy;VTK::IOPLY;VTK::RenderingAnnotation;VTK::RenderingCore;VTK::RenderingContext2D;VTK::RenderingLOD;VTK::RenderingFreeType;VTK::ViewsCore;VTK::ViewsContext2D;VTK::RenderingOpenGL2;VTK::GUISupportQt;FLANN::FLANN;QHULL::QHULL  
[6.196s] -- Found ament_cmake: 1.3.3 (/opt/ros/humble/share/ament_cmake/cmake)
[6.490s] -- Found Python3: /usr/bin/python3.10 (found version "3.10.6") found components: Interpreter 
[6.929s] -- Configuring done
[7.271s] -- Generating done
[7.272s] [33mCMake Warning:
[7.272s]   Manually-specified variables were not used by the project:
[7.272s] 
[7.273s]     CATKIN_INSTALL_INTO_PREFIX_ROOT
[7.273s]     CATKIN_SYMLINK_INSTALL
[7.273s] 
[7.273s] [0m
[7.273s] -- Build files have been written to: /home/sayon/hoge_ws/src/pointcloud_divider/build/pointcloud_divider
[7.290s] Invoked command in '/home/sayon/hoge_ws/src/pointcloud_divider/build/pointcloud_divider' returned '0': /usr/bin/cmake /home/sayon/hoge_ws/src/pointcloud_divider -DCMAKE_BUILD_TYPE=Release -DCATKIN_INSTALL_INTO_PREFIX_ROOT=0 -DCATKIN_SYMLINK_INSTALL=ON -DCMAKE_INSTALL_PREFIX=/home/sayon/hoge_ws/src/pointcloud_divider/install/pointcloud_divider
[7.295s] Invoking command in '/home/sayon/hoge_ws/src/pointcloud_divider/build/pointcloud_divider': /usr/bin/cmake --build /home/sayon/hoge_ws/src/pointcloud_divider/build/pointcloud_divider -- -j12 -l12
[7.352s] [ 40%] [32mBuilding CXX object CMakeFiles/pointcloud_divider_node.dir/src/pointcloud_divider_node.cpp.o[0m
[7.352s] [ 40%] [32mBuilding CXX object CMakeFiles/pointcloud_divider_node.dir/src/pointcloud_divider_core.cpp.o[0m
[7.352s] [ 60%] [32mBuilding CXX object CMakeFiles/pointcloud_divider.dir/src/pointcloud_divider_core.cpp.o[0m
[13.662s] [01m[K/home/sayon/hoge_ws/src/pointcloud_divider/src/pointcloud_divider_core.cpp:[m[K In member function â€˜[01m[Kvoid PointCloudDivider<PointT>::dividePointCloud(const typename pcl::PointCloud<PointT>::Ptr&)[m[Kâ€™:
[13.663s] [01m[K/home/sayon/hoge_ws/src/pointcloud_divider/src/pointcloud_divider_core.cpp:107:5:[m[K [01;31m[Kerror: [m[Kâ€˜[01m[Kcout[m[Kâ€™ was not declared in this scope; did you mean â€˜[01m[Kstd::cout[m[Kâ€™?
[13.663s]   107 |     [01;31m[Kcout[m[K<<p<<endl;
[13.663s]       |     [01;31m[K^~~~[m[K
[13.663s]       |     [32m[Kstd::cout[m[K
[13.663s] In file included from [01m[K/usr/include/pcl-1.12/pcl/pcl_macros.h:63[m[K,
[13.663s]                  from [01m[K/usr/include/pcl-1.12/pcl/io/pcd_io.h:43[m[K,
[13.664s]                  from [01m[K/home/sayon/hoge_ws/src/pointcloud_divider/include/pointcloud_divider/pointcloud_divider.hpp:11[m[K,
[13.664s]                  from [01m[K/home/sayon/hoge_ws/src/pointcloud_divider/src/pointcloud_divider_core.cpp:1[m[K:
[13.664s] [01m[K/usr/include/c++/11/iostream:61:18:[m[K [01;36m[Knote: [m[Kâ€˜[01m[Kstd::cout[m[Kâ€™ declared here
[13.664s]    61 |   extern ostream [01;36m[Kcout[m[K;          /// Linked to standard output
[13.664s]       |                  [01;36m[K^~~~[m[K
[13.665s] [01m[K/home/sayon/hoge_ws/src/pointcloud_divider/src/pointcloud_divider_core.cpp:107:14:[m[K [01;31m[Kerror: [m[Kâ€˜[01m[Kendl[m[Kâ€™ was not declared in this scope; did you mean â€˜[01m[Kstd::endl[m[Kâ€™?
[13.665s]   107 |     cout<<p<<[01;31m[Kendl[m[K;
[13.665s]       |              [01;31m[K^~~~[m[K
[13.665s]       |              [32m[Kstd::endl[m[K
[13.665s] In file included from [01m[K/usr/include/c++/11/istream:39[m[K,
[13.665s]                  from [01m[K/usr/include/c++/11/sstream:38[m[K,
[13.665s]                  from [01m[K/usr/include/yaml-cpp/emitter.h:14[m[K,
[13.666s]                  from [01m[K/usr/include/yaml-cpp/yaml.h:11[m[K,
[13.666s]                  from [01m[K/home/sayon/hoge_ws/src/pointcloud_divider/include/pointcloud_divider/pointcloud_divider.hpp:6[m[K,
[13.666s]                  from [01m[K/home/sayon/hoge_ws/src/pointcloud_divider/src/pointcloud_divider_core.cpp:1[m[K:
[13.666s] [01m[K/usr/include/c++/11/ostream:684:5:[m[K [01;36m[Knote: [m[Kâ€˜[01m[Kstd::endl[m[Kâ€™ declared here
[13.666s]   684 |     [01;36m[Kendl[m[K(basic_ostream<_CharT, _Traits>& __os)
[13.666s]       |     [01;36m[K^~~~[m[K
[13.682s] [01m[K/home/sayon/hoge_ws/src/pointcloud_divider/src/pointcloud_divider_core.cpp:[m[K In member function â€˜[01m[Kvoid PointCloudDivider<PointT>::dividePointCloud(const typename pcl::PointCloud<PointT>::Ptr&)[m[Kâ€™:
[13.682s] [01m[K/home/sayon/hoge_ws/src/pointcloud_divider/src/pointcloud_divider_core.cpp:107:5:[m[K [01;31m[Kerror: [m[Kâ€˜[01m[Kcout[m[Kâ€™ was not declared in this scope; did you mean â€˜[01m[Kstd::cout[m[Kâ€™?
[13.682s]   107 |     [01;31m[Kcout[m[K<<p<<endl;
[13.682s]       |     [01;31m[K^~~~[m[K
[13.683s]       |     [32m[Kstd::cout[m[K
[13.683s] In file included from [01m[K/usr/include/pcl-1.12/pcl/pcl_macros.h:63[m[K,
[13.683s]                  from [01m[K/usr/include/pcl-1.12/pcl/io/pcd_io.h:43[m[K,
[13.683s]                  from [01m[K/home/sayon/hoge_ws/src/pointcloud_divider/include/pointcloud_divider/pointcloud_divider.hpp:11[m[K,
[13.683s]                  from [01m[K/home/sayon/hoge_ws/src/pointcloud_divider/src/pointcloud_divider_core.cpp:1[m[K:
[13.683s] [01m[K/usr/include/c++/11/iostream:61:18:[m[K [01;36m[Knote: [m[Kâ€˜[01m[Kstd::cout[m[Kâ€™ declared here
[13.683s]    61 |   extern ostream [01;36m[Kcout[m[K;          /// Linked to standard output
[13.684s]       |                  [01;36m[K^~~~[m[K
[13.684s] [01m[K/home/sayon/hoge_ws/src/pointcloud_divider/src/pointcloud_divider_core.cpp:107:14:[m[K [01;31m[Kerror: [m[Kâ€˜[01m[Kendl[m[Kâ€™ was not declared in this scope; did you mean â€˜[01m[Kstd::endl[m[Kâ€™?
[13.684s]   107 |     cout<<p<<[01;31m[Kendl[m[K;
[13.684s]       |              [01;31m[K^~~~[m[K
[13.684s]       |              [32m[Kstd::endl[m[K
[13.685s] In file included from [01m[K/usr/include/c++/11/istream:39[m[K,
[13.685s]                  from [01m[K/usr/include/c++/11/sstream:38[m[K,
[13.685s]                  from [01m[K/usr/include/yaml-cpp/emitter.h:14[m[K,
[13.685s]                  from [01m[K/usr/include/yaml-cpp/yaml.h:11[m[K,
[13.685s]                  from [01m[K/home/sayon/hoge_ws/src/pointcloud_divider/include/pointcloud_divider/pointcloud_divider.hpp:6[m[K,
[13.685s]                  from [01m[K/home/sayon/hoge_ws/src/pointcloud_divider/src/pointcloud_divider_core.cpp:1[m[K:
[13.685s] [01m[K/usr/include/c++/11/ostream:684:5:[m[K [01;36m[Knote: [m[Kâ€˜[01m[Kstd::endl[m[Kâ€™ declared here
[13.686s]   684 |     [01;36m[Kendl[m[K(basic_ostream<_CharT, _Traits>& __os)
[13.686s]       |     [01;36m[K^~~~[m[K
[15.030s] gmake[2]: *** [CMakeFiles/pointcloud_divider.dir/build.make:76: CMakeFiles/pointcloud_divider.dir/src/pointcloud_divider_core.cpp.o] Error 1
[15.031s] gmake[1]: *** [CMakeFiles/Makefile2:139: CMakeFiles/pointcloud_divider.dir/all] Error 2
[15.031s] gmake[1]: *** Waiting for unfinished jobs....
[15.049s] gmake[2]: *** [CMakeFiles/pointcloud_divider_node.dir/build.make:76: CMakeFiles/pointcloud_divider_node.dir/src/pointcloud_divider_core.cpp.o] Error 1
[15.050s] gmake[1]: *** [CMakeFiles/Makefile2:165: CMakeFiles/pointcloud_divider_node.dir/all] Error 2
[15.050s] gmake: *** [Makefile:146: all] Error 2
[15.052s] Invoked command in '/home/sayon/hoge_ws/src/pointcloud_divider/build/pointcloud_divider' returned '2': /usr/bin/cmake --build /home/sayon/hoge_ws/src/pointcloud_divider/build/pointcloud_divider -- -j12 -l12
